<?xml version="1.0" encoding="UTF-8"?>
<!-- Generated by org.testng.reporters.JUnitXMLReporter -->
<testsuite ignored="0" hostname="MD-DESK" failures="0" tests="3" name="Default test" time="21.809" errors="0" timestamp="2023-06-08T13:40:08 EDT">
  <testcase classname="com.tutorialsninja.qa.testcases.SearchProductTest" name="verifySearchWithValidProduct" time="0.894"/>
  <testcase classname="com.tutorialsninja.qa.testcases.SearchProductTest" name="verifySearchWithInValidProduct" time="0.661"/>
  <testcase classname="com.tutorialsninja.qa.testcases.SearchProductTest" name="verifySearchWithNoProduct" time="0.593"/>
</testsuite> <!-- Default test -->
