<?xml version="1.0" encoding="UTF-8"?>
<testng-results ignored="0" total="3" passed="3" failed="0" skipped="0">
  <reporter-output>
  </reporter-output>
  <suite started-at="2023-06-08T13:39:46 EDT" name="Default suite" finished-at="2023-06-08T13:40:08 EDT" duration-ms="21809">
    <groups>
    </groups>
    <test started-at="2023-06-08T13:39:46 EDT" name="Default test" finished-at="2023-06-08T13:40:08 EDT" duration-ms="21809">
      <class name="com.tutorialsninja.qa.testcases.SearchProductTest">
        <test-method is-config="true" signature="setUp()[pri:0, instance:com.tutorialsninja.qa.testcases.SearchProductTest@47faa49c]" started-at="2023-06-08T13:39:46 EDT" name="setUp" finished-at="2023-06-08T13:39:54 EDT" duration-ms="7202" status="PASS">
          <reporter-output>
          </reporter-output>
        </test-method> <!-- setUp -->
        <test-method signature="verifySearchWithValidProduct()[pri:1, instance:com.tutorialsninja.qa.testcases.SearchProductTest@47faa49c]" started-at="2023-06-08T13:39:54 EDT" name="verifySearchWithValidProduct" finished-at="2023-06-08T13:39:55 EDT" duration-ms="894" status="PASS">
          <reporter-output>
          </reporter-output>
        </test-method> <!-- verifySearchWithValidProduct -->
        <test-method is-config="true" signature="tearDown()[pri:0, instance:com.tutorialsninja.qa.testcases.SearchProductTest@47faa49c]" started-at="2023-06-08T13:39:55 EDT" name="tearDown" finished-at="2023-06-08T13:39:55 EDT" duration-ms="220" status="PASS">
          <reporter-output>
          </reporter-output>
        </test-method> <!-- tearDown -->
        <test-method is-config="true" signature="setUp()[pri:0, instance:com.tutorialsninja.qa.testcases.SearchProductTest@47faa49c]" started-at="2023-06-08T13:39:55 EDT" name="setUp" finished-at="2023-06-08T13:40:00 EDT" duration-ms="4745" status="PASS">
          <reporter-output>
          </reporter-output>
        </test-method> <!-- setUp -->
        <test-method signature="verifySearchWithInValidProduct()[pri:2, instance:com.tutorialsninja.qa.testcases.SearchProductTest@47faa49c]" started-at="2023-06-08T13:40:00 EDT" name="verifySearchWithInValidProduct" finished-at="2023-06-08T13:40:00 EDT" duration-ms="661" status="PASS">
          <reporter-output>
          </reporter-output>
        </test-method> <!-- verifySearchWithInValidProduct -->
        <test-method is-config="true" signature="tearDown()[pri:0, instance:com.tutorialsninja.qa.testcases.SearchProductTest@47faa49c]" started-at="2023-06-08T13:40:00 EDT" name="tearDown" finished-at="2023-06-08T13:40:00 EDT" duration-ms="187" status="PASS">
          <reporter-output>
          </reporter-output>
        </test-method> <!-- tearDown -->
        <test-method is-config="true" signature="setUp()[pri:0, instance:com.tutorialsninja.qa.testcases.SearchProductTest@47faa49c]" started-at="2023-06-08T13:40:00 EDT" name="setUp" finished-at="2023-06-08T13:40:07 EDT" duration-ms="7071" status="PASS">
          <reporter-output>
          </reporter-output>
        </test-method> <!-- setUp -->
        <test-method signature="verifySearchWithNoProduct()[pri:3, instance:com.tutorialsninja.qa.testcases.SearchProductTest@47faa49c]" started-at="2023-06-08T13:40:07 EDT" name="verifySearchWithNoProduct" finished-at="2023-06-08T13:40:08 EDT" duration-ms="593" status="PASS">
          <reporter-output>
          </reporter-output>
        </test-method> <!-- verifySearchWithNoProduct -->
        <test-method is-config="true" signature="tearDown()[pri:0, instance:com.tutorialsninja.qa.testcases.SearchProductTest@47faa49c]" started-at="2023-06-08T13:40:08 EDT" name="tearDown" finished-at="2023-06-08T13:40:08 EDT" duration-ms="190" status="PASS">
          <reporter-output>
          </reporter-output>
        </test-method> <!-- tearDown -->
      </class> <!-- com.tutorialsninja.qa.testcases.SearchProductTest -->
    </test> <!-- Default test -->
  </suite> <!-- Default suite -->
</testng-results>
